\BOOKMARK [0][-]{chapter*.2}{\376\377\000\315\000n\000d\000i\000c\000e\000\040\000d\000e\000\040\000f\000i\000g\000u\000r\000a\000s}{}% 1
\BOOKMARK [0][-]{chapter*.3}{\376\377\000\315\000n\000d\000i\000c\000e\000\040\000d\000e\000\040\000t\000a\000b\000l\000a\000s}{}% 2
\BOOKMARK [0][-]{chapter.1}{\376\377\000I\000n\000t\000r\000o\000d\000u\000c\000c\000i\000\363\000n}{}% 3
\BOOKMARK [1][-]{section.1.1}{\376\377\000C\000o\000n\000t\000e\000x\000t\000u\000a\000l\000i\000z\000a\000c\000i\000\363\000n\000\040\000d\000e\000l\000\040\000p\000r\000o\000b\000l\000e\000m\000a}{chapter.1}% 4
\BOOKMARK [1][-]{section.1.2}{\376\377\000E\000s\000t\000r\000u\000c\000t\000u\000r\000a\000\040\000d\000e\000l\000\040\000D\000o\000c\000u\000m\000e\000n\000t\000o}{chapter.1}% 5
\BOOKMARK [0][-]{chapter.2}{\376\377\000F\000u\000n\000d\000a\000m\000e\000n\000t\000o\000s\000\040\000d\000e\000\040\000l\000o\000s\000\040\000d\000a\000t\000o\000s\000\040\000F\000i\000n\000a\000n\000c\000i\000e\000r\000o\000s}{}% 6
\BOOKMARK [1][-]{section.2.1}{\376\377\000D\000e\000s\000c\000r\000i\000p\000c\000i\000\363\000n\000\040\000d\000e\000\040\000l\000o\000s\000\040\000D\000a\000t\000o\000s\000\040\000F\000i\000n\000a\000n\000c\000i\000e\000r\000o\000s}{chapter.2}% 7
\BOOKMARK [2][-]{subsection.2.1.1}{\376\377\000I\000n\000t\000r\000o\000d\000u\000c\000c\000i\000\363\000n\000\040\000a\000\040\000l\000a\000\040\000S\000e\000r\000i\000e\000\040\000T\000e\000m\000p\000o\000r\000a\000l}{section.2.1}% 8
\BOOKMARK [2][-]{subsection.2.1.2}{\376\377\000R\000e\000t\000o\000r\000n\000o\000s\000\040\000d\000e\000\040\000A\000c\000t\000i\000v\000o\000s}{section.2.1}% 9
\BOOKMARK [1][-]{section.2.2}{\376\377\000H\000e\000c\000h\000o\000s\000\040\000E\000s\000t\000i\000l\000i\000z\000a\000d\000o\000s}{chapter.2}% 10
\BOOKMARK [2][-]{subsection.2.2.1}{\376\377\000D\000a\000t\000o\000s\000\040\000d\000e\000\040\000A\000l\000t\000a\000\040\000F\000r\000e\000c\000u\000e\000n\000c\000i\000a}{section.2.2}% 11
\BOOKMARK [2][-]{subsection.2.2.2}{\376\377\000D\000a\000t\000o\000s\000\040\000U\000t\000i\000l\000i\000z\000a\000d\000o\000s}{section.2.2}% 12
\BOOKMARK [1][-]{section.2.3}{\376\377\000M\000\351\000t\000r\000i\000c\000a\000s\000\040\000F\000i\000n\000a\000n\000c\000i\000e\000r\000a\000s}{chapter.2}% 13
\BOOKMARK [1][-]{section.2.4}{\376\377\000M\000\351\000t\000r\000i\000c\000a\000s\000\040\000d\000e\000\040\000M\000a\000c\000h\000i\000n\000e\000\040\000L\000e\000a\000r\000n\000i\000n\000g}{chapter.2}% 14
\BOOKMARK [0][-]{chapter.3}{\376\377\000B\000a\000r\000r\000a\000s\000\040\000d\000e\000\040\000d\000e\000s\000e\000q\000u\000i\000l\000i\000b\000r\000i\000o}{}% 15
\BOOKMARK [1][-]{section.3.1}{\376\377\000B\000a\000r\000r\000a\000s\000\040\000B\000a\000s\000a\000d\000a\000s\000\040\000e\000n\000\040\000I\000n\000f\000o\000r\000m\000a\000c\000i\000\363\000n}{chapter.3}% 16
\BOOKMARK [2][-]{subsection.3.1.1}{\376\377\000B\000a\000r\000r\000a\000s\000\040\000d\000e\000\040\000D\000e\000s\000e\000q\000u\000i\000l\000i\000b\000r\000i\000o}{section.3.1}% 17
\BOOKMARK [2][-]{subsection.3.1.2}{\376\377\000A\000d\000a\000p\000t\000a\000c\000i\000\363\000n\000\040\000d\000e\000\040\000l\000a\000\040\000M\000e\000t\000o\000d\000o\000l\000o\000g\000\355\000a\000\040\000c\000o\000n\000\040\000D\000a\000t\000o\000s\000\040\000d\000e\000\040\000M\000i\000n\000u\000t\000o}{section.3.1}% 18
\BOOKMARK [2][-]{subsection.3.1.3}{\376\377\000R\000e\000s\000u\000l\000t\000a\000d\000o\000s}{section.3.1}% 19
\BOOKMARK [0][-]{chapter.4}{\376\377\000D\000e\000e\000p\000\040\000R\000e\000i\000n\000f\000o\000r\000c\000e\000m\000e\000n\000t\000\040\000L\000e\000a\000r\000n\000i\000n\000g}{}% 20
\BOOKMARK [1][-]{section.4.1}{\376\377\000I\000n\000t\000r\000o\000d\000u\000c\000c\000i\000\363\000n\000\040\000a\000l\000\040\000A\000p\000r\000e\000n\000d\000i\000z\000a\000j\000e\000\040\000p\000o\000r\000\040\000R\000e\000f\000u\000e\000r\000z\000o\000\040\000\050\000R\000e\000i\000n\000f\000o\000r\000c\000e\000m\000e\000n\000t\000\040\000L\000e\000a\000r\000n\000i\000n\000g\000\051}{chapter.4}% 21
\BOOKMARK [2][-]{subsection.4.1.1}{\376\377\000D\000e\000f\000i\000n\000i\000c\000i\000\363\000n\000\040\000y\000\040\000C\000o\000n\000t\000e\000x\000t\000o\000\040\000G\000e\000n\000e\000r\000a\000l}{section.4.1}% 22
\BOOKMARK [2][-]{subsection.4.1.2}{\376\377\000C\000o\000m\000p\000o\000n\000e\000n\000t\000e\000s\000\040\000B\000\341\000s\000i\000c\000o\000s\000\040\000d\000e\000l\000\040\000A\000p\000r\000e\000n\000d\000i\000z\000a\000j\000e\000\040\000p\000o\000r\000\040\000R\000e\000f\000u\000e\000r\000z\000o}{section.4.1}% 23
\BOOKMARK [2][-]{subsection.4.1.3}{\376\377\000E\000l\000\040\000P\000r\000o\000b\000l\000e\000m\000a\000\040\000d\000e\000\040\000l\000a\000\040\000T\000o\000m\000a\000\040\000d\000e\000\040\000D\000e\000c\000i\000s\000i\000o\000n\000e\000s\000\040\000\323\000p\000t\000i\000m\000a\000s\000\040\000e\000n\000\040\000e\000l\000\040\000T\000i\000e\000m\000p\000o\000\040\000-\000\040\000L\000a\000\040\000e\000c\000u\000a\000c\000i\000\363\000n\000\040\000d\000e\000\040\000B\000e\000l\000l\000m\000a\000n}{section.4.1}% 24
\BOOKMARK [2][-]{subsection.4.1.4}{\376\377\000M\000\351\000t\000o\000d\000o\000s\000\040\000C\000l\000\341\000s\000i\000c\000o\000s\000\040\000d\000e\000\040\000A\000p\000r\000e\000n\000d\000i\000z\000a\000j\000e\000\040\000p\000o\000r\000\040\000R\000e\000f\000u\000e\000r\000z\000o}{section.4.1}% 25
\BOOKMARK [1][-]{section.4.2}{\376\377\000E\000v\000o\000l\000u\000c\000i\000\363\000n\000\040\000d\000e\000l\000\040\000D\000e\000e\000p\000\040\000R\000e\000i\000n\000f\000o\000r\000c\000e\000m\000e\000n\000t\000\040\000L\000e\000a\000r\000n\000i\000n\000g\000\040\000\050\000D\000R\000L\000\051}{chapter.4}% 26
\BOOKMARK [2][-]{subsection.4.2.1}{\376\377\000C\000o\000m\000b\000i\000n\000a\000c\000i\000\363\000n\000\040\000c\000o\000n\000\040\000R\000e\000d\000e\000s\000\040\000N\000e\000u\000r\000o\000n\000a\000l\000e\000s}{section.4.2}% 27
\BOOKMARK [2][-]{subsection.4.2.2}{\376\377\000P\000r\000i\000n\000c\000i\000p\000a\000l\000e\000s\000\040\000E\000n\000f\000o\000q\000u\000e\000s\000\040\000y\000\040\000A\000l\000g\000o\000r\000i\000t\000m\000o\000s\000\040\000d\000e\000\040\000D\000R\000L}{section.4.2}% 28
\BOOKMARK [1][-]{section.4.3}{\376\377\000P\000r\000o\000x\000i\000m\000a\000l\000\040\000P\000o\000l\000i\000c\000y\000\040\000O\000p\000t\000i\000m\000i\000z\000a\000t\000i\000o\000n\000\040\000\050\000P\000P\000O\000\051\000\040\000y\000\040\000s\000u\000\040\000I\000m\000p\000l\000e\000m\000e\000n\000t\000a\000c\000i\000\363\000n}{chapter.4}% 29
\BOOKMARK [2][-]{subsection.4.3.1}{\376\377\000I\000n\000t\000r\000o\000d\000u\000c\000c\000i\000\363\000n\000\040\000a\000\040\000P\000r\000o\000x\000i\000m\000a\000l\000\040\000P\000o\000l\000i\000c\000y\000\040\000O\000p\000t\000i\000m\000i\000z\000a\000t\000i\000o\000n\000\040\000\050\000P\000P\000O\000\051}{section.4.3}% 30
\BOOKMARK [2][-]{subsection.4.3.2}{\376\377\000D\000e\000s\000c\000r\000i\000p\000c\000i\000\363\000n\000\040\000T\000\351\000c\000n\000i\000c\000a\000\040\000d\000e\000\040\000P\000P\000O}{section.4.3}% 31
\BOOKMARK [1][-]{section.4.4}{\376\377\000I\000m\000p\000l\000e\000m\000e\000n\000t\000a\000c\000i\000\363\000n\000\040\000d\000e\000l\000\040\000E\000n\000t\000o\000r\000n\000o\000\040\000d\000e\000\040\000E\000n\000t\000r\000e\000n\000a\000m\000i\000e\000n\000t\000o\000\040\000c\000o\000n\000\040\000G\000y\000m\000n\000a\000s\000i\000u\000m}{chapter.4}% 32
\BOOKMARK [2][-]{subsection.4.4.1}{\376\377\000I\000n\000t\000r\000o\000d\000u\000c\000c\000i\000\363\000n\000\040\000a\000\040\000G\000y\000m\000n\000a\000s\000i\000u\000m}{section.4.4}% 33
\BOOKMARK [2][-]{subsection.4.4.2}{\376\377\000C\000r\000e\000a\000c\000i\000\363\000n\000\040\000d\000e\000l\000\040\000E\000n\000t\000o\000r\000n\000o\000\040\000d\000e\000\040\000T\000r\000a\000d\000i\000n\000g}{section.4.4}% 34
\BOOKMARK [2][-]{subsection.4.4.3}{\376\377\000F\000u\000n\000c\000i\000\363\000n\000\040\000d\000e\000\040\000R\000e\000c\000o\000m\000p\000e\000n\000s\000a}{section.4.4}% 35
\BOOKMARK [1][-]{section.4.5}{\376\377\000E\000n\000t\000r\000e\000n\000a\000m\000i\000e\000n\000t\000o\000\040\000y\000\040\000r\000e\000s\000u\000l\000t\000a\000d\000o\000s}{chapter.4}% 36
\BOOKMARK [0][-]{chapter.5}{\376\377\000M\000e\000t\000a\000-\000l\000a\000b\000e\000l\000i\000n\000g}{}% 37
\BOOKMARK [1][-]{section.5.1}{\376\377\000C\000o\000n\000c\000e\000p\000t\000o\000\040\000y\000\040\000D\000e\000f\000i\000n\000i\000c\000i\000\363\000n\000\040\000d\000e\000\040\000M\000e\000t\000a\000-\000L\000a\000b\000e\000l\000i\000n\000g}{chapter.5}% 38
\BOOKMARK [2][-]{subsection.5.1.1}{\376\377\000O\000p\000t\000i\000m\000i\000z\000a\000c\000i\000\363\000n\000\040\000d\000e\000l\000\040\000R\000a\000t\000i\000o\000\040\000d\000e\000\040\000S\000h\000a\000r\000p\000e\000\040\000m\000e\000d\000i\000a\000n\000t\000e\000\040\000M\000e\000t\000a\000-\000L\000a\000b\000e\000l\000i\000n\000g}{section.5.1}% 39
\BOOKMARK [2][-]{subsection.5.1.2}{\376\377\000I\000m\000p\000a\000c\000t\000o\000\040\000d\000e\000l\000\040\000M\000e\000t\000a\000-\000L\000a\000b\000e\000l\000i\000n\000g\000\040\000e\000n\000\040\000e\000l\000\040\000R\000a\000t\000i\000o\000\040\000d\000e\000\040\000S\000h\000a\000r\000p\000e}{section.5.1}% 40
\BOOKMARK [1][-]{section.5.2}{\376\377\000E\000t\000i\000q\000u\000e\000t\000a\000d\000o\000\040\000d\000e\000\040\000D\000a\000t\000o\000s\000\040\000F\000i\000n\000a\000n\000c\000i\000e\000r\000o\000s}{chapter.5}% 41
\BOOKMARK [2][-]{subsection.5.2.1}{\376\377\000M\000\351\000t\000o\000d\000o\000\040\000d\000e\000l\000\040\000H\000o\000r\000i\000z\000o\000n\000t\000e\000\040\000T\000e\000m\000p\000o\000r\000a\000l\000\040\000F\000i\000j\000o}{section.5.2}% 42
\BOOKMARK [2][-]{subsection.5.2.2}{\376\377\000M\000\351\000t\000o\000d\000o\000\040\000d\000e\000\040\000l\000a\000s\000\040\000T\000r\000e\000s\000\040\000B\000a\000r\000r\000e\000r\000a\000s}{section.5.2}% 43
\BOOKMARK [1][-]{section.5.3}{\376\377\000I\000m\000p\000l\000e\000m\000e\000n\000t\000a\000c\000i\000\363\000n\000\040\000d\000e\000\040\000M\000e\000t\000a\000-\000L\000a\000b\000e\000l\000i\000n\000g\000\040\000e\000n\000\040\000T\000r\000a\000d\000i\000n\000g\000\040\000A\000l\000g\000o\000r\000\355\000t\000m\000i\000c\000o}{chapter.5}% 44
\BOOKMARK [2][-]{subsection.5.3.1}{\376\377\000C\000o\000n\000j\000u\000n\000t\000o\000\040\000d\000e\000\040\000D\000a\000t\000o\000s\000\040\000d\000e\000\040\000E\000n\000t\000r\000e\000n\000a\000m\000i\000e\000n\000t\000o\000\040\000\050\000X\000\051}{section.5.3}% 45
\BOOKMARK [1][-]{section.5.4}{\376\377\000E\000v\000a\000l\000u\000a\000c\000i\000\363\000n\000\040\000d\000e\000l\000\040\000M\000o\000d\000e\000l\000o\000\040\000y\000\040\000R\000e\000s\000u\000l\000t\000a\000d\000o\000s}{chapter.5}% 46
\BOOKMARK [1][-]{section.5.5}{\376\377\000A\000n\000\341\000l\000i\000s\000i\000s\000\040\000d\000e\000\040\000R\000e\000s\000u\000l\000t\000a\000d\000o\000s\000\040\000y\000\040\000C\000o\000n\000c\000l\000u\000s\000i\000o\000n\000e\000s}{chapter.5}% 47
\BOOKMARK [1][-]{section.5.6}{\376\377\000R\000e\000s\000u\000l\000t\000a\000d\000o\000s\000\040\000F\000i\000n\000a\000l\000e\000s\000:\000\040\000R\000e\000n\000d\000i\000m\000i\000e\000n\000t\000o\000\040\000A\000c\000u\000m\000u\000l\000a\000d\000o\000\040\000d\000e\000\040\000l\000a\000s\000\040\000E\000s\000t\000r\000a\000t\000e\000g\000i\000a\000s}{chapter.5}% 48
\BOOKMARK [0][-]{chapter.6}{\376\377\000C\000o\000n\000c\000l\000u\000s\000i\000o\000n\000e\000s}{}% 49
\BOOKMARK [1][-]{section.6.1}{\376\377\000R\000e\000s\000u\000m\000e\000n\000\040\000d\000e\000\040\000l\000o\000s\000\040\000H\000a\000l\000l\000a\000z\000g\000o\000s\000\040\000P\000r\000i\000n\000c\000i\000p\000a\000l\000e\000s}{chapter.6}% 50
\BOOKMARK [1][-]{section.6.2}{\376\377\000C\000u\000m\000p\000l\000i\000m\000i\000e\000n\000t\000o\000\040\000d\000e\000\040\000l\000o\000s\000\040\000O\000b\000j\000e\000t\000i\000v\000o\000s}{chapter.6}% 51
\BOOKMARK [1][-]{section.6.3}{\376\377\000L\000i\000m\000i\000t\000a\000c\000i\000o\000n\000e\000s\000\040\000d\000e\000l\000\040\000E\000s\000t\000u\000d\000i\000o}{chapter.6}% 52
\BOOKMARK [1][-]{section.6.4}{\376\377\000I\000m\000p\000l\000i\000c\000a\000c\000i\000o\000n\000e\000s\000\040\000P\000r\000\341\000c\000t\000i\000c\000a\000s}{chapter.6}% 53
\BOOKMARK [1][-]{section.6.5}{\376\377\000L\000\355\000n\000e\000a\000s\000\040\000F\000u\000t\000u\000r\000a\000s\000\040\000d\000e\000\040\000I\000n\000v\000e\000s\000t\000i\000g\000a\000c\000i\000\363\000n}{chapter.6}% 54
\BOOKMARK [0][-]{chapter*.39}{\376\377\000B\000i\000b\000l\000i\000o\000g\000r\000a\000f\000\355\000a}{}% 55
